0 info it worked if it ends with ok
1 verbose cli [ '/usr/local/bin/node',
1 verbose cli   '/usr/local/bin/npm',
1 verbose cli   'start',
1 verbose cli   'bin/Order' ]
2 info using npm@3.10.9
3 info using node@v6.9.2
4 verbose run-script [ 'prestart', 'start', 'poststart' ]
5 info lifecycle node_dwy@0.0.0~prestart: node_dwy@0.0.0
6 silly lifecycle node_dwy@0.0.0~prestart: no script for prestart, continuing
7 info lifecycle node_dwy@0.0.0~start: node_dwy@0.0.0
8 verbose lifecycle node_dwy@0.0.0~start: unsafe-perm in lifecycle true
9 verbose lifecycle node_dwy@0.0.0~start: PATH: /usr/local/lib/node_modules/npm/bin/node-gyp-bin:/Users/fangjiahui/webstormproject/node_dwy_order/node_modules/.bin:/usr/local/bin:/usr/bin:/bin:/usr/sbin:/sbin:/Applications/Wireshark.app/Contents/MacOS
10 verbose lifecycle node_dwy@0.0.0~start: CWD: /Users/fangjiahui/webstormproject/node_dwy_order
11 silly lifecycle node_dwy@0.0.0~start: Args: [ '-c', 'node ./bin/Order "bin/Order"' ]
12 silly lifecycle node_dwy@0.0.0~start: Returned: code: 1  signal: null
13 info lifecycle node_dwy@0.0.0~start: Failed to exec start script
14 verbose stack Error: node_dwy@0.0.0 start: `node ./bin/Order "bin/Order"`
14 verbose stack Exit status 1
14 verbose stack     at EventEmitter.<anonymous> (/usr/local/lib/node_modules/npm/lib/utils/lifecycle.js:255:16)
14 verbose stack     at emitTwo (events.js:106:13)
14 verbose stack     at EventEmitter.emit (events.js:191:7)
14 verbose stack     at ChildProcess.<anonymous> (/usr/local/lib/node_modules/npm/lib/utils/spawn.js:40:14)
14 verbose stack     at emitTwo (events.js:106:13)
14 verbose stack     at ChildProcess.emit (events.js:191:7)
14 verbose stack     at maybeClose (internal/child_process.js:877:16)
14 verbose stack     at Process.ChildProcess._handle.onexit (internal/child_process.js:226:5)
15 verbose pkgid node_dwy@0.0.0
16 verbose cwd /Users/fangjiahui/webstormproject/node_dwy_order
17 error Darwin 15.5.0
18 error argv "/usr/local/bin/node" "/usr/local/bin/npm" "start" "bin/Order"
19 error node v6.9.2
20 error npm  v3.10.9
21 error code ELIFECYCLE
22 error node_dwy@0.0.0 start: `node ./bin/Order "bin/Order"`
22 error Exit status 1
23 error Failed at the node_dwy@0.0.0 start script 'node ./bin/Order "bin/Order"'.
23 error Make sure you have the latest version of node.js and npm installed.
23 error If you do, this is most likely a problem with the node_dwy package,
23 error not with npm itself.
23 error Tell the author that this fails on your system:
23 error     node ./bin/Order "bin/Order"
23 error You can get information on how to open an issue for this project with:
23 error     npm bugs node_dwy
23 error Or if that isn't available, you can get their info via:
23 error     npm owner ls node_dwy
23 error There is likely additional logging output above.
24 verbose exit [ 1, true ]
